INFO: [VRFC 10-163] Analyzing VHDL file "/home/lemmers/Bureau/4-IR/Système_Informatique_Projet/Vivado/ALU/ALU.srcs/sources_1/new/ALU.vhd" into library xil_defaultlib
INFO: [VRFC 10-307] analyzing entity ALU
INFO: [VRFC 10-163] Analyzing VHDL file "/home/lemmers/Bureau/4-IR/Système_Informatique_Projet/Vivado/ALU/ALU.srcs/sim_1/new/Test_ALU.vhd" into library xil_defaultlib
INFO: [VRFC 10-307] analyzing entity Test_ALU
INFO: [VRFC 10-163] Analyzing VHDL file "/home/lemmers/Bureau/4-IR/Système_Informatique_Projet/Vivado/ALU/ALU.srcs/sim_1/new/Test_ALU.vhd" into library xil_defaultlib
INFO: [VRFC 10-307] analyzing entity Test_ALU
INFO: [VRFC 10-163] Analyzing VHDL file "/home/lemmers/Bureau/4-IR/Système_Informatique_Projet/Vivado/ALU/ALU.srcs/sources_1/new/ALU.vhd" into library xil_defaultlib
INFO: [VRFC 10-307] analyzing entity ALU
INFO: [VRFC 10-163] Analyzing VHDL file "/home/lemmers/Bureau/4-IR/Système_Informatique_Projet/Vivado/ALU/ALU.srcs/sim_1/new/Test_ALU.vhd" into library xil_defaultlib
INFO: [VRFC 10-307] analyzing entity Test_ALU
INFO: [VRFC 10-163] Analyzing VHDL file "/home/lemmers/Bureau/4-IR/Système_Informatique_Projet/Vivado/ALU/ALU.srcs/sim_1/new/Test_ALU.vhd" into library xil_defaultlib
INFO: [VRFC 10-307] analyzing entity Test_ALU
INFO: [VRFC 10-163] Analyzing VHDL file "/home/lemmers/Bureau/4-IR/Système_Informatique_Projet/Vivado/ALU/ALU.srcs/sim_1/new/Test_ALU.vhd" into library xil_defaultlib
INFO: [VRFC 10-307] analyzing entity Test_ALU
INFO: [VRFC 10-163] Analyzing VHDL file "/home/lemmers/Bureau/4-IR/Système_Informatique_Projet/Vivado/ALU/ALU.srcs/sim_1/new/Test_ALU.vhd" into library xil_defaultlib
INFO: [VRFC 10-307] analyzing entity Test_ALU
INFO: [VRFC 10-163] Analyzing VHDL file "/home/lemmers/Bureau/4-IR/Système_Informatique_Projet/Vivado/ALU/ALU.srcs/sim_1/new/Test_ALU.vhd" into library xil_defaultlib
INFO: [VRFC 10-307] analyzing entity Test_ALU
INFO: [VRFC 10-163] Analyzing VHDL file "/home/lemmers/Bureau/4-IR/Système_Informatique_Projet/Vivado/ALU/ALU.srcs/sources_1/new/ALU.vhd" into library xil_defaultlib
INFO: [VRFC 10-307] analyzing entity ALU
INFO: [VRFC 10-163] Analyzing VHDL file "/home/lemmers/Bureau/4-IR/Système_Informatique_Projet/Vivado/ALU/ALU.srcs/sim_1/new/Test_ALU.vhd" into library xil_defaultlib
INFO: [VRFC 10-307] analyzing entity Test_ALU
INFO: [VRFC 10-163] Analyzing VHDL file "/home/lemmers/Bureau/4-IR/Système_Informatique_Projet/Vivado/ALU/ALU.srcs/sources_1/new/Banc_registres.vhd" into library xil_defaultlib
INFO: [VRFC 10-307] analyzing entity Banc_registres
INFO: [VRFC 10-163] Analyzing VHDL file "/home/lemmers/Bureau/4-IR/Système_Informatique_Projet/Vivado/ALU/ALU.srcs/sim_1/new/test_Banc_registres.vhd" into library xil_defaultlib
INFO: [VRFC 10-307] analyzing entity test_Banc_registres
INFO: [VRFC 10-163] Analyzing VHDL file "/home/lemmers/Bureau/4-IR/Système_Informatique_Projet/Vivado/ALU/ALU.srcs/sim_1/new/test_Banc_registres.vhd" into library xil_defaultlib
INFO: [VRFC 10-307] analyzing entity test_Banc_registres
INFO: [VRFC 10-163] Analyzing VHDL file "/home/lemmers/Bureau/4-IR/Système_Informatique_Projet/Vivado/ALU/ALU.srcs/sim_1/new/test_Banc_registres.vhd" into library xil_defaultlib
INFO: [VRFC 10-307] analyzing entity test_Banc_registres
INFO: [VRFC 10-163] Analyzing VHDL file "/home/lemmers/Bureau/4-IR/Système_Informatique_Projet/Vivado/ALU/ALU.srcs/sim_1/new/test_Banc_registres.vhd" into library xil_defaultlib
INFO: [VRFC 10-307] analyzing entity test_Banc_registres
INFO: [VRFC 10-163] Analyzing VHDL file "/home/lemmers/Bureau/4-IR/Système_Informatique_Projet/Vivado/ALU/ALU.srcs/sim_1/new/test_Banc_registres.vhd" into library xil_defaultlib
INFO: [VRFC 10-307] analyzing entity test_Banc_registres
INFO: [VRFC 10-163] Analyzing VHDL file "/home/lemmers/Bureau/4-IR/Système_Informatique_Projet/Vivado/ALU/ALU.srcs/sim_1/new/test_Banc_registres.vhd" into library xil_defaultlib
INFO: [VRFC 10-307] analyzing entity test_Banc_registres
INFO: [VRFC 10-163] Analyzing VHDL file "/home/lemmers/Bureau/4-IR/Système_Informatique_Projet/Vivado/ALU/ALU.srcs/sim_1/new/test_Banc_registres.vhd" into library xil_defaultlib
INFO: [VRFC 10-307] analyzing entity test_Banc_registres
INFO: [VRFC 10-163] Analyzing VHDL file "/home/lemmers/Bureau/4-IR/Système_Informatique_Projet/Vivado/ALU/ALU.srcs/sim_1/new/test_Banc_registres.vhd" into library xil_defaultlib
INFO: [VRFC 10-307] analyzing entity test_Banc_registres
INFO: [VRFC 10-163] Analyzing VHDL file "/home/lemmers/Bureau/4-IR/Système_Informatique_Projet/Vivado/ALU/ALU.srcs/sim_1/new/test_Banc_registres.vhd" into library xil_defaultlib
INFO: [VRFC 10-307] analyzing entity test_Banc_registres
INFO: [VRFC 10-163] Analyzing VHDL file "/home/lemmers/Bureau/4-IR/Système_Informatique_Projet/Vivado/ALU/ALU.srcs/sources_1/new/Memoire_donnees.vhd" into library xil_defaultlib
INFO: [VRFC 10-307] analyzing entity Memoire_donnees
INFO: [VRFC 10-163] Analyzing VHDL file "/home/lemmers/Bureau/4-IR/Système_Informatique_Projet/Vivado/ALU/ALU.srcs/sim_1/new/test_memoire_donnees.vhd" into library xil_defaultlib
INFO: [VRFC 10-307] analyzing entity test_memoire_donnees
INFO: [VRFC 10-163] Analyzing VHDL file "/home/lemmers/Bureau/4-IR/Système_Informatique_Projet/Vivado/ALU/ALU.srcs/sim_1/new/test_memoire_donnees.vhd" into library xil_defaultlib
INFO: [VRFC 10-307] analyzing entity test_memoire_donnees
INFO: [VRFC 10-163] Analyzing VHDL file "/home/lemmers/Bureau/4-IR/Système_Informatique_Projet/Vivado/ALU/ALU.srcs/sim_1/new/test_memoire_donnees.vhd" into library xil_defaultlib
INFO: [VRFC 10-307] analyzing entity test_memoire_donnees
INFO: [VRFC 10-163] Analyzing VHDL file "/home/lemmers/Bureau/4-IR/Système_Informatique_Projet/Vivado/ALU/ALU.srcs/sim_1/new/test_memoire_donnees.vhd" into library xil_defaultlib
INFO: [VRFC 10-307] analyzing entity test_memoire_donnees
INFO: [VRFC 10-163] Analyzing VHDL file "/home/lemmers/Bureau/4-IR/Système_Informatique_Projet/Vivado/ALU/ALU.srcs/sources_1/new/Memoire_donnees.vhd" into library xil_defaultlib
INFO: [VRFC 10-307] analyzing entity Memoire_donnees
INFO: [VRFC 10-163] Analyzing VHDL file "/home/lemmers/Bureau/4-IR/Système_Informatique_Projet/Vivado/ALU/ALU.srcs/sim_1/new/test_memoire_donnees.vhd" into library xil_defaultlib
INFO: [VRFC 10-307] analyzing entity test_memoire_donnees
INFO: [VRFC 10-163] Analyzing VHDL file "/home/lemmers/Bureau/4-IR/Système_Informatique_Projet/Vivado/ALU/ALU.srcs/sources_1/new/Memoire_donnees.vhd" into library xil_defaultlib
INFO: [VRFC 10-307] analyzing entity Memoire_donnees
INFO: [VRFC 10-163] Analyzing VHDL file "/home/lemmers/Bureau/4-IR/Système_Informatique_Projet/Vivado/ALU/ALU.srcs/sim_1/new/test_memoire_donnees.vhd" into library xil_defaultlib
INFO: [VRFC 10-307] analyzing entity test_memoire_donnees
INFO: [VRFC 10-163] Analyzing VHDL file "/home/lemmers/Bureau/4-IR/Système_Informatique_Projet/Vivado/ALU/ALU.srcs/sources_1/new/memoire_instruction.vhd" into library xil_defaultlib
INFO: [VRFC 10-307] analyzing entity memoire_instruction
INFO: [VRFC 10-163] Analyzing VHDL file "/home/lemmers/Bureau/4-IR/Système_Informatique_Projet/Vivado/ALU/ALU.srcs/sim_1/new/test_memoire_instru.vhd" into library xil_defaultlib
INFO: [VRFC 10-307] analyzing entity test_memoire_instru
INFO: [VRFC 10-163] Analyzing VHDL file "/home/lemmers/Bureau/4-IR/Système_Informatique_Projet/Vivado/ALU/ALU.srcs/sim_1/new/test_memoire_instru.vhd" into library xil_defaultlib
INFO: [VRFC 10-307] analyzing entity test_memoire_instru
INFO: [VRFC 10-163] Analyzing VHDL file "/home/lemmers/Bureau/4-IR/Système_Informatique_Projet/Vivado/ALU/ALU.srcs/sources_1/new/memoire_instruction.vhd" into library xil_defaultlib
INFO: [VRFC 10-307] analyzing entity memoire_instruction
INFO: [VRFC 10-163] Analyzing VHDL file "/home/lemmers/Bureau/4-IR/Système_Informatique_Projet/Vivado/ALU/ALU.srcs/sources_1/new/memoire_instruction.vhd" into library xil_defaultlib
INFO: [VRFC 10-307] analyzing entity memoire_instruction
INFO: [VRFC 10-163] Analyzing VHDL file "/home/lemmers/Bureau/4-IR/Système_Informatique_Projet/Vivado/ALU/ALU.srcs/sim_1/new/test_memoire_instru.vhd" into library xil_defaultlib
INFO: [VRFC 10-307] analyzing entity test_memoire_instru
INFO: [VRFC 10-163] Analyzing VHDL file "/home/lemmers/Bureau/4-IR/Système_Informatique_Projet/Vivado/ALU/ALU.srcs/sources_1/new/memoire_instruction.vhd" into library xil_defaultlib
INFO: [VRFC 10-307] analyzing entity memoire_instruction
INFO: [VRFC 10-163] Analyzing VHDL file "/home/lemmers/Bureau/4-IR/Système_Informatique_Projet/Vivado/ALU/ALU.srcs/sources_1/new/ALU.vhd" into library xil_defaultlib
INFO: [VRFC 10-307] analyzing entity ALU
INFO: [VRFC 10-163] Analyzing VHDL file "/home/lemmers/Bureau/4-IR/Système_Informatique_Projet/Vivado/ALU/ALU.srcs/sources_1/new/Memoire_donnees.vhd" into library xil_defaultlib
INFO: [VRFC 10-307] analyzing entity Memoire_donnees
INFO: [VRFC 10-163] Analyzing VHDL file "/home/lemmers/Bureau/4-IR/Système_Informatique_Projet/Vivado/ALU/ALU.srcs/sources_1/new/Pipeline.vhd" into library xil_defaultlib
INFO: [VRFC 10-307] analyzing entity Pipeline
INFO: [VRFC 10-163] Analyzing VHDL file "/home/lemmers/Bureau/4-IR/Système_Informatique_Projet/Vivado/ALU/ALU.srcs/sources_1/new/memoire_instruction.vhd" into library xil_defaultlib
INFO: [VRFC 10-307] analyzing entity memoire_instruction
INFO: [VRFC 10-163] Analyzing VHDL file "/home/lemmers/Bureau/4-IR/Système_Informatique_Projet/Vivado/ALU/ALU.srcs/sim_1/new/test_pipeline.vhd" into library xil_defaultlib
INFO: [VRFC 10-307] analyzing entity test_pipeline
