Vivado Simulator 2018.2
Copyright 1986-1999, 2001-2018 Xilinx, Inc. All Rights Reserved.
Running: /usr/local/insa/Xilinx.VIVADO/Vivado/2018.2/bin/unwrapped/lnx64.o/xelab -wto fb61e2be79b94a9294637580889af824 --incr --debug typical --relax --mt 8 -L xil_defaultlib -L secureip --snapshot test_pipeline_behav xil_defaultlib.test_pipeline -log elaborate.log 
Using 8 slave threads.
Starting static elaboration
Completed static elaboration
Starting simulation data flow analysis
Completed simulation data flow analysis
Time Resolution for simulation is 1ps
Compiling package std.standard
Compiling package std.textio
Compiling package ieee.std_logic_1164
Compiling package ieee.numeric_std
Compiling package ieee.std_logic_arith
Compiling package ieee.std_logic_unsigned
Compiling architecture behavioral of entity xil_defaultlib.memoire_instruction [memoire_instruction_default]
Compiling architecture behavioral of entity xil_defaultlib.Banc_registres [banc_registres_default]
Compiling architecture behavioral of entity xil_defaultlib.ALU [alu_default]
Compiling architecture behavioral of entity xil_defaultlib.Memoire_donnees [memoire_donnees_default]
Compiling architecture behavioral of entity xil_defaultlib.Pipeline [pipeline_default]
Compiling architecture behavioral of entity xil_defaultlib.test_pipeline
Built simulation snapshot test_pipeline_behav
